<?xml version="1.0" encoding="UTF-8"?>
<testsuite name="ru.vdovin.sandbox.EquationTests" tests="6" skipped="0" failures="0" errors="0" timestamp="2021-01-14T06:53:53" hostname="DESKTOP-HADC1H7" time="0.01">
  <properties/>
  <testcase name="testZero" classname="ru.vdovin.sandbox.EquationTests" time="0.007"/>
  <testcase name="test0" classname="ru.vdovin.sandbox.EquationTests" time="0.0"/>
  <testcase name="test1" classname="ru.vdovin.sandbox.EquationTests" time="0.0"/>
  <testcase name="test2" classname="ru.vdovin.sandbox.EquationTests" time="0.0"/>
  <testcase name="testConstant" classname="ru.vdovin.sandbox.EquationTests" time="0.0"/>
  <testcase name="testLinear" classname="ru.vdovin.sandbox.EquationTests" time="0.0"/>
  <system-out><![CDATA[]]></system-out>
  <system-err><![CDATA[]]></system-err>
</testsuite>
