<?xml version="1.0" encoding="UTF-8"?>
<testsuite name="ru.vdovin.sandbox.PointTests.PointTests" tests="2" skipped="0" failures="0" errors="0" timestamp="2020-11-29T13:25:03" hostname="DESKTOP-HADC1H7" time="0.071">
  <properties/>
  <testcase name="testDistance" classname="ru.vdovin.sandbox.PointTests.PointTests" time="0.067"/>
  <testcase name="testSayDistanceto" classname="ru.vdovin.sandbox.PointTests.PointTests" time="0.0"/>
  <system-out><![CDATA[]]></system-out>
  <system-err><![CDATA[]]></system-err>
</testsuite>
