<?xml version="1.0" encoding="UTF-8"?>
<testsuite name="ru.vdovin.sandbox.PrimeTests" tests="3" skipped="0" failures="0" errors="0" timestamp="2021-01-27T11:20:28" hostname="DESKTOP-HADC1H7" time="9.677">
  <properties/>
  <testcase name="testPrimeWhile" classname="ru.vdovin.sandbox.PrimeTests" time="4.831"/>
  <testcase name="testPrime" classname="ru.vdovin.sandbox.PrimeTests" time="4.846"/>
  <testcase name="testNonPrime" classname="ru.vdovin.sandbox.PrimeTests" time="0.0"/>
  <system-out><![CDATA[]]></system-out>
  <system-err><![CDATA[]]></system-err>
</testsuite>
