<?xml version="1.0" encoding="UTF-8"?>
<testsuite name="ru.vdovin.sandbox.EquationTests" tests="3" skipped="0" failures="0" errors="0" timestamp="2021-01-12T11:03:58" hostname="DESKTOP-HADC1H7" time="0.003">
  <properties/>
  <testcase name="test0" classname="ru.vdovin.sandbox.EquationTests" time="0.002"/>
  <testcase name="test1" classname="ru.vdovin.sandbox.EquationTests" time="0.0"/>
  <testcase name="test2" classname="ru.vdovin.sandbox.EquationTests" time="0.001"/>
  <system-out><![CDATA[]]></system-out>
  <system-err><![CDATA[]]></system-err>
</testsuite>
