<?xml version="1.0" encoding="UTF-8"?>
<testsuite name="ru.vdovin.pft.addressbook.GroupCreationTest" tests="1" skipped="0" failures="0" errors="0" timestamp="2020-11-29T23:04:40" hostname="DESKTOP-HADC1H7" time="24.222">
  <properties/>
  <testcase name="untitled" classname="ru.vdovin.pft.addressbook.GroupCreationTest" time="24.222"/>
  <system-out><![CDATA[]]></system-out>
  <system-err><![CDATA[SLF4J: Failed to load class "org.slf4j.impl.StaticLoggerBinder".
SLF4J: Defaulting to no-operation (NOP) logger implementation
SLF4J: See http://www.slf4j.org/codes.html#StaticLoggerBinder for further details.
Starting ChromeDriver 87.0.4280.20 (c99e81631faa0b2a448e658c0dbd8311fb04ddbd-refs/branch-heads/4280@{#355}) on port 21073
Only local connections are allowed.
Please see https://chromedriver.chromium.org/security-considerations for suggestions on keeping ChromeDriver safe.
ChromeDriver was started successfully.
нояб. 30, 2020 2:04:44 AM org.openqa.selenium.remote.ProtocolHandshake createSession
INFO: Detected dialect: W3C
нояб. 30, 2020 2:04:44 AM org.openqa.selenium.devtools.CdpVersionFinder findNearestMatch
WARNING: Unable to find an exact match for CDP version 87, so returning the closest version found: 86
нояб. 30, 2020 2:04:44 AM org.openqa.selenium.devtools.CdpVersionFinder findNearestMatch
INFO: Found CDP implementation for version 87 of 86
]]></system-err>
</testsuite>
