<?xml version="1.0" encoding="UTF-8"?>
<testsuite name="ru.vdovin.pft.addressbook.tests.GroupEditingTest" tests="1" skipped="0" failures="0" errors="0" timestamp="2021-01-29T10:01:39" hostname="DESKTOP-HADC1H7" time="7.87">
  <properties/>
  <testcase name="testGroupEditing" classname="ru.vdovin.pft.addressbook.tests.GroupEditingTest" time="7.87"/>
  <system-out><![CDATA[]]></system-out>
  <system-err><![CDATA[SLF4J: Failed to load class "org.slf4j.impl.StaticLoggerBinder".
SLF4J: Defaulting to no-operation (NOP) logger implementation
SLF4J: See http://www.slf4j.org/codes.html#StaticLoggerBinder for further details.
Starting ChromeDriver 87.0.4280.20 (c99e81631faa0b2a448e658c0dbd8311fb04ddbd-refs/branch-heads/4280@{#355}) on port 10157
Only local connections are allowed.
Please see https://chromedriver.chromium.org/security-considerations for suggestions on keeping ChromeDriver safe.
ChromeDriver was started successfully.
[1611914501.510][WARNING]: This version of ChromeDriver has not been tested with Chrome version 88.
янв. 29, 2021 1:01:43 PM org.openqa.selenium.remote.ProtocolHandshake createSession
INFO: Detected dialect: W3C
янв. 29, 2021 1:01:43 PM org.openqa.selenium.devtools.CdpVersionFinder findNearestMatch
WARNING: Unable to find an exact match for CDP version 88, so returning the closest version found: 86
янв. 29, 2021 1:01:43 PM org.openqa.selenium.devtools.CdpVersionFinder findNearestMatch
INFO: Found CDP implementation for version 88 of 86
]]></system-err>
</testsuite>
